{
  "RSpec": {
    "coverage": {
      "/home/mattpaw/tic-tac-toe-rb-online-web-sp-000/lib/tic_tac_toe.rb": [
        null,
        1,
        12,
        12,
        12,
        12,
        12,
        null,
        null,
        1,
        11,
        null,
        null,
        1,
        11,
        null,
        null,
        1,
        9,
        null,
        null,
        1,
        11,
        null,
        null,
        1,
        2,
        2,
        18,
        5,
        null,
        null,
        2,
        null,
        null,
        1,
        1,
        1,
        null,
        null,
        1,
        8,
        8,
        8,
        8,
        7,
        7,
        null,
        1,
        null,
        null,
        null,
        1,
        35,
        null,
        null,
        null,
        null,
        null,
        1,
        null,
        null,
        null,
        null,
        null,
        null,
        null,
        null,
        null,
        null,
        null,
        null,
        1,
        16,
        113,
        113,
        113,
        null,
        113,
        113,
        113,
        null,
        113,
        6,
        107,
        2,
        null,
        105,
        null,
        null,
        8,
        null,
        null,
        1,
        5,
        5,
        31,
        2,
        null,
        29,
        null,
        null,
        3,
        null,
        null,
        1,
        7,
        2,
        null,
        5,
        null,
        null,
        null,
        1,
        3,
        2,
        null,
        1,
        null,
        null,
        null,
        1,
        3,
        2,
        2,
        1,
        null,
        1,
        null,
        null,
        null,
        null,
        null,
        null,
        1,
        null,
        1,
        26,
        5,
        5,
        3,
        0,
        0,
        0,
        null,
        null,
        null,
        null,
        null,
        null
      ]
    },
    "timestamp": 1623758227
  }
}
